INFO:root:Clockspeed: 5
INFO:root:Internal event at 1 logical time & at 11:19:35.475827
INFO:root:Sent message to 0 at 2 logical time & at 11:19:47.490867
INFO:root:Internal event at 3 logical time & at 11:19:59.497778
INFO:root:Internal event at 4 logical time & at 11:20:11.504284
INFO:root:Internal event at 5 logical time & at 11:20:23.517605
INFO:root:Internal event at 6 logical time & at 11:20:35.526474
INFO:root:Sent message to 0 at 7 logical time & at 11:20:47.538200
INFO:root:Receive messsage from 2 at 8 logical time & at 11:20:59.548654. Message queue length: 0
INFO:root:Internal event at 9 logical time & at 11:21:11.556749
INFO:root:Receive messsage from 2 at 10 logical time & at 11:21:23.565050. Message queue length: 0
INFO:root:Sent message to 0 at 11 logical time & at 11:21:35.579870
INFO:root:Sent message to 0 at 12 logical time & at 11:21:47.590940
INFO:root:Sent message to 2 and 0 at 13 logical time & at 11:21:59.603925
INFO:root:Sent message to 0 at 14 logical time & at 11:22:11.615251
INFO:root:Receive messsage from 2 at 16 logical time & at 11:22:23.625111. Message queue length: 0
INFO:root:Internal event at 17 logical time & at 11:22:35.631012
INFO:root:Receive messsage from 2 at 18 logical time & at 11:22:47.637934. Message queue length: 0
INFO:root:Sent message to 2 at 19 logical time & at 11:22:59.650789
INFO:root:Internal event at 20 logical time & at 11:23:11.661446
INFO:root:Internal event at 21 logical time & at 11:23:23.669835
INFO:root:Internal event at 22 logical time & at 11:23:35.678209
INFO:root:Internal event at 23 logical time & at 11:23:47.683738
INFO:root:Sent message to 0 at 24 logical time & at 11:23:59.695868
