INFO:root:Clockspeed: 5
INFO:root:Internal event at 1 logical time & at 11:58:08.007882
INFO:root:Internal event at 2 logical time & at 11:58:20.014673
INFO:root:Internal event at 3 logical time & at 11:58:32.017371
INFO:root:Sent message to 0 and 1 at 4 logical time & at 11:58:44.027721
INFO:root:Internal event at 5 logical time & at 11:58:56.030408
INFO:root:Sent message to 0 and 1 at 6 logical time & at 11:59:08.038139
INFO:root:Internal event at 7 logical time & at 11:59:20.044833
INFO:root:Internal event at 8 logical time & at 11:59:32.049946
INFO:root:Internal event at 9 logical time & at 11:59:44.054228
INFO:root:Internal event at 10 logical time & at 11:59:56.056694
INFO:root:Receive messsage from 0 at 11 logical time & at 12:00:08.061941. Message queue length: 0
INFO:root:Receive messsage from 1 at 12 logical time & at 12:00:20.063599. Message queue length: 0
INFO:root:Internal event at 13 logical time & at 12:00:32.071735
INFO:root:Internal event at 14 logical time & at 12:00:44.076189
INFO:root:Internal event at 15 logical time & at 12:00:56.082001
INFO:root:Sent message to 0 at 16 logical time & at 12:01:08.088807
INFO:root:Internal event at 17 logical time & at 12:01:20.095986
INFO:root:Sent message to 1 at 18 logical time & at 12:01:32.101899
INFO:root:Internal event at 19 logical time & at 12:01:44.108968
INFO:root:Internal event at 20 logical time & at 12:01:56.116891
INFO:root:Receive messsage from 1 at 21 logical time & at 12:02:08.121441. Message queue length: 0
INFO:root:Sent message to 1 at 22 logical time & at 12:02:20.127260
INFO:root:Internal event at 23 logical time & at 12:02:32.129141
INFO:root:Sent message to 0 and 1 at 24 logical time & at 12:02:44.155263
INFO:root:Internal event at 25 logical time & at 12:02:56.162911
INFO:root:Sent message to 0 and 1 at 26 logical time & at 12:03:08.171574
INFO:root:Internal event at 27 logical time & at 12:03:20.175615
INFO:root:Sent message to 0 and 1 at 28 logical time & at 12:03:32.187507
INFO:root:Sent message to 0 at 29 logical time & at 12:03:44.192392
INFO:root:Sent message to 0 at 30 logical time & at 12:03:56.201730
INFO:root:Sent message to 1 at 31 logical time & at 12:04:08.209959
INFO:root:Internal event at 32 logical time & at 12:04:20.215260
INFO:root:Internal event at 33 logical time & at 12:04:32.218773
INFO:root:Internal event at 34 logical time & at 12:04:44.221962
INFO:root:Sent message to 0 at 35 logical time & at 12:04:56.240554
INFO:root:Internal event at 36 logical time & at 12:05:08.244396
INFO:root:Internal event at 37 logical time & at 12:05:20.246879
INFO:root:Internal event at 38 logical time & at 12:05:32.248980
INFO:root:Internal event at 39 logical time & at 12:05:44.254574
INFO:root:Internal event at 40 logical time & at 12:05:56.256982
INFO:root:Sent message to 1 at 41 logical time & at 12:06:08.259752
INFO:root:Sent message to 0 and 1 at 42 logical time & at 12:06:20.271086
INFO:root:Sent message to 1 at 43 logical time & at 12:06:32.276420
INFO:root:Internal event at 44 logical time & at 12:06:44.279840
INFO:root:Internal event at 45 logical time & at 12:06:56.285248
INFO:root:Receive messsage from 0 at 46 logical time & at 12:07:08.290890. Message queue length: 0
INFO:root:Receive messsage from 1 at 47 logical time & at 12:07:20.293985. Message queue length: 0
INFO:root:Internal event at 48 logical time & at 12:07:32.301050
INFO:root:Receive messsage from 1 at 49 logical time & at 12:07:44.307489. Message queue length: 0
INFO:root:Sent message to 0 at 50 logical time & at 12:07:56.316100
INFO:root:Internal event at 51 logical time & at 12:08:08.320877
INFO:root:Sent message to 1 at 52 logical time & at 12:08:20.329920
INFO:root:Sent message to 0 at 53 logical time & at 12:08:32.338579
INFO:root:Internal event at 54 logical time & at 12:08:44.342558
INFO:root:Internal event at 55 logical time & at 12:08:56.348325
INFO:root:Sent message to 1 at 56 logical time & at 12:09:08.352265
INFO:root:Internal event at 57 logical time & at 12:09:20.357756
INFO:root:Internal event at 58 logical time & at 12:09:32.363261
INFO:root:Internal event at 59 logical time & at 12:09:44.369395
INFO:root:Sent message to 0 and 1 at 60 logical time & at 12:09:56.375857
INFO:root:Internal event at 61 logical time & at 12:10:08.381223
INFO:root:Internal event at 62 logical time & at 12:10:20.383308
INFO:root:Sent message to 0 and 1 at 63 logical time & at 12:10:32.387800
INFO:root:Internal event at 64 logical time & at 12:10:44.392009
INFO:root:Internal event at 65 logical time & at 12:10:56.397903
INFO:root:Receive messsage from 1 at 66 logical time & at 12:11:08.400036. Message queue length: 0
INFO:root:Receive messsage from 1 at 67 logical time & at 12:11:20.405198. Message queue length: 0
INFO:root:Sent message to 0 and 1 at 68 logical time & at 12:11:32.412806
INFO:root:Internal event at 69 logical time & at 12:11:44.417910
INFO:root:Internal event at 70 logical time & at 12:11:56.421016
INFO:root:Internal event at 71 logical time & at 12:12:08.427520
