INFO:root:Clockspeed: 5
INFO:root:Internal event at 1 logical time & at 22:44:43.646559
INFO:root:Receive messsage from 2 at 2 logical time & at 22:44:55.655087. Message queue length: 0
INFO:root:Sent message to 1 and 2 at 3 logical time & at 22:45:07.669370
INFO:root:Internal event at 4 logical time & at 22:45:19.681296
INFO:root:Sent message to 2 at 5 logical time & at 22:45:31.690263
INFO:root:Internal event at 6 logical time & at 22:45:43.699305
INFO:root:Internal event at 7 logical time & at 22:45:55.707733
INFO:root:Internal event at 8 logical time & at 22:46:07.716025
INFO:root:Internal event at 9 logical time & at 22:46:19.721928
INFO:root:Receive messsage from 1 at 10 logical time & at 22:46:31.727861. Message queue length: 0
INFO:root:Sent message to 1 at 11 logical time & at 22:46:43.737465
INFO:root:Internal event at 12 logical time & at 22:46:55.747284
INFO:root:Sent message to 2 at 13 logical time & at 22:47:07.758315
INFO:root:Sent message to 1 at 14 logical time & at 22:47:19.769949
INFO:root:Internal event at 15 logical time & at 22:47:31.780474
INFO:root:Internal event at 16 logical time & at 22:47:43.791045
INFO:root:Internal event at 17 logical time & at 22:47:55.796618
INFO:root:Sent message to 1 at 18 logical time & at 22:48:07.805849
INFO:root:Internal event at 19 logical time & at 22:48:19.812163
INFO:root:Internal event at 20 logical time & at 22:48:31.817701
INFO:root:Internal event at 21 logical time & at 22:48:43.826067
INFO:root:Sent message to 1 and 2 at 22 logical time & at 22:48:55.839597
INFO:root:Internal event at 23 logical time & at 22:49:07.846185
INFO:root:Internal event at 24 logical time & at 22:49:19.853856
INFO:root:Internal event at 25 logical time & at 22:49:31.859282
INFO:root:Internal event at 26 logical time & at 22:49:43.867577
INFO:root:Receive messsage from 1 at 27 logical time & at 22:49:55.872398. Message queue length: 0
