INFO:root:Clockspeed: 10
INFO:root:Internal event at 1 logical time & at 12:39:08.671908
INFO:root:Sent message to 0 at 2 logical time & at 12:39:14.677825
INFO:root:Sent message to 0 at 3 logical time & at 12:39:20.683519
INFO:root:Internal event at 4 logical time & at 12:39:26.687553
INFO:root:Receive messsage from 2 at 5 logical time & at 12:39:32.692929. Message queue length: 0
INFO:root:Receive messsage from 2 at 6 logical time & at 12:39:38.700696. Message queue length: 0
INFO:root:Internal event at 7 logical time & at 12:39:44.705100
INFO:root:Receive messsage from 2 at 8 logical time & at 12:39:50.711284. Message queue length: 0
INFO:root:Receive messsage from 0 at 10 logical time & at 12:39:56.718703. Message queue length: 0
INFO:root:Sent message to 0 at 11 logical time & at 12:40:02.728561
INFO:root:Internal event at 12 logical time & at 12:40:08.734139
INFO:root:Sent message to 0 at 13 logical time & at 12:40:14.736832
INFO:root:Sent message to 0 at 14 logical time & at 12:40:20.747022
INFO:root:Sent message to 0 at 15 logical time & at 12:40:26.756671
INFO:root:Receive messsage from 2 at 16 logical time & at 12:40:32.763545. Message queue length: 0
INFO:root:Receive messsage from 2 at 17 logical time & at 12:40:38.769457. Message queue length: 0
INFO:root:Receive messsage from 2 at 18 logical time & at 12:40:44.775015. Message queue length: 0
INFO:root:Receive messsage from 2 at 19 logical time & at 12:40:50.783755. Message queue length: 0
INFO:root:Sent message to 2 and 0 at 20 logical time & at 12:40:56.788496
INFO:root:Internal event at 21 logical time & at 12:41:02.790730
INFO:root:Sent message to 2 at 22 logical time & at 12:41:08.798312
INFO:root:Sent message to 2 at 23 logical time & at 12:41:14.803103
INFO:root:Receive messsage from 0 at 25 logical time & at 12:41:20.806338. Message queue length: 0
INFO:root:Receive messsage from 0 at 26 logical time & at 12:41:26.811710. Message queue length: 0
INFO:root:Receive messsage from 0 at 27 logical time & at 12:41:32.813885. Message queue length: 0
INFO:root:Internal event at 28 logical time & at 12:41:38.819302
INFO:root:Internal event at 29 logical time & at 12:41:44.825308
INFO:root:Receive messsage from 2 at 30 logical time & at 12:41:50.830995. Message queue length: 0
INFO:root:Receive messsage from 0 at 32 logical time & at 12:41:56.836535. Message queue length: 0
INFO:root:Internal event at 33 logical time & at 12:42:02.842940
INFO:root:Receive messsage from 2 at 34 logical time & at 12:42:08.847979. Message queue length: 0
INFO:root:Sent message to 2 and 0 at 35 logical time & at 12:42:14.855711
INFO:root:Sent message to 2 at 36 logical time & at 12:42:20.864789
INFO:root:Receive messsage from 0 at 38 logical time & at 12:42:26.867555. Message queue length: 0
INFO:root:Internal event at 39 logical time & at 12:42:32.873316
INFO:root:Internal event at 40 logical time & at 12:42:38.876678
INFO:root:Receive messsage from 2 at 41 logical time & at 12:42:44.880997. Message queue length: 0
INFO:root:Receive messsage from 2 at 42 logical time & at 12:42:50.886831. Message queue length: 0
INFO:root:Receive messsage from 2 at 43 logical time & at 12:42:56.892023. Message queue length: 0
INFO:root:Internal event at 44 logical time & at 12:43:02.898191
INFO:root:Receive messsage from 0 at 46 logical time & at 12:43:08.904742. Message queue length: 0
INFO:root:Receive messsage from 2 at 47 logical time & at 12:43:14.908537. Message queue length: 0
INFO:root:Internal event at 48 logical time & at 12:43:20.913332
INFO:root:Sent message to 0 at 49 logical time & at 12:43:26.918945
INFO:root:Receive messsage from 2 at 50 logical time & at 12:43:32.923928. Message queue length: 0
INFO:root:Receive messsage from 0 at 52 logical time & at 12:43:38.931291. Message queue length: 0
INFO:root:Sent message to 2 at 53 logical time & at 12:43:44.937156
INFO:root:Receive messsage from 0 at 54 logical time & at 12:43:50.943921. Message queue length: 0
INFO:root:Receive messsage from 2 at 56 logical time & at 12:43:56.946992. Message queue length: 1
INFO:root:Receive messsage from 0 at 57 logical time & at 12:44:02.953338. Message queue length: 0
INFO:root:Internal event at 58 logical time & at 12:44:08.961306
INFO:root:Receive messsage from 2 at 59 logical time & at 12:44:14.964330. Message queue length: 0
INFO:root:Sent message to 0 at 60 logical time & at 12:44:20.968867
INFO:root:Sent message to 2 at 61 logical time & at 12:44:26.976926
INFO:root:Internal event at 62 logical time & at 12:44:32.980907
INFO:root:Sent message to 0 at 63 logical time & at 12:44:38.987762
INFO:root:Receive messsage from 2 at 65 logical time & at 12:44:44.994723. Message queue length: 0
INFO:root:Internal event at 66 logical time & at 12:44:51.002731
INFO:root:Receive messsage from 0 at 68 logical time & at 12:44:57.008914. Message queue length: 0
INFO:root:Internal event at 69 logical time & at 12:45:03.012540
INFO:root:Internal event at 70 logical time & at 12:45:09.018131
INFO:root:Receive messsage from 2 at 71 logical time & at 12:45:15.025366. Message queue length: 0
INFO:root:Sent message to 2 and 0 at 72 logical time & at 12:45:21.028756
INFO:root:Internal event at 73 logical time & at 12:45:27.033400
INFO:root:Receive messsage from 2 at 75 logical time & at 12:45:33.036934. Message queue length: 1
INFO:root:Receive messsage from 0 at 76 logical time & at 12:45:39.044193. Message queue length: 0
INFO:root:Internal event at 77 logical time & at 12:45:45.048513
INFO:root:Sent message to 0 at 78 logical time & at 12:45:51.054115
INFO:root:Receive messsage from 2 at 79 logical time & at 12:45:57.061322. Message queue length: 0
INFO:root:Internal event at 80 logical time & at 12:46:03.067674
INFO:root:Internal event at 81 logical time & at 12:46:09.072510
INFO:root:Internal event at 82 logical time & at 12:46:15.076855
INFO:root:Internal event at 83 logical time & at 12:46:21.079577
INFO:root:Sent message to 2 and 0 at 84 logical time & at 12:46:27.090856
INFO:root:Internal event at 85 logical time & at 12:46:33.094261
INFO:root:Internal event at 86 logical time & at 12:46:39.100597
INFO:root:Receive messsage from 0 at 88 logical time & at 12:46:45.104595. Message queue length: 0
INFO:root:Sent message to 0 at 89 logical time & at 12:46:51.109211
INFO:root:Internal event at 90 logical time & at 12:46:57.115754
INFO:root:Receive messsage from 2 at 91 logical time & at 12:47:03.120327. Message queue length: 0
INFO:root:Sent message to 2 and 0 at 92 logical time & at 12:47:09.125843
INFO:root:Internal event at 93 logical time & at 12:47:15.130409
INFO:root:Internal event at 94 logical time & at 12:47:21.137697
INFO:root:Receive messsage from 2 at 96 logical time & at 12:47:27.143055. Message queue length: 0
INFO:root:Internal event at 97 logical time & at 12:47:33.150074
INFO:root:Internal event at 98 logical time & at 12:47:39.156707
INFO:root:Sent message to 2 at 99 logical time & at 12:47:45.162562
INFO:root:Receive messsage from 0 at 101 logical time & at 12:47:51.166360. Message queue length: 0
INFO:root:Receive messsage from 0 at 102 logical time & at 12:47:57.172166. Message queue length: 0
INFO:root:Receive messsage from 0 at 103 logical time & at 12:48:03.176509. Message queue length: 0
INFO:root:Sent message to 2 and 0 at 104 logical time & at 12:48:09.180560
INFO:root:Internal event at 105 logical time & at 12:48:15.185474
